<?xml version="1.0" encoding="UTF-8"?>
<!-- Generated by org.testng.reporters.JUnitReportReporter -->
<testsuite hostname="Kishor-Kore" failures="0" tests="1" name="IMDB.com.Base" time="0.019" errors="0" timestamp="2022-11-18T11:37:28 IST" skipped="0">
  <testcase classname="IMDB.com.Base" name="myimdbDate" time="0.019"/>
  <system-out/>
</testsuite> <!-- IMDB.com.Base -->
