<?xml version="1.0" encoding="UTF-8"?>
<!-- Generated by org.testng.reporters.JUnitReportReporter -->
<testsuite hostname="Kishor-Kore" failures="0" tests="2" name="IMDB.com.TestCase" time="0.013" errors="0" timestamp="2022-11-18T12:54:23 IST" skipped="0">
  <testcase classname="IMDB.com.TestCase" name="imdbwikiDate" time="0.011"/>
  <system-out/>
  <testcase classname="IMDB.com.TestCase" name="imdbwikiCountry" time="0.002"/>
  <system-out/>
</testsuite> <!-- IMDB.com.TestCase -->
